<?xml version="1.0" encoding="UTF-8"?>
<!-- Generated by org.testng.reporters.JUnitXMLReporter -->
<testsuite ignored="0" hostname="DESKTOP-IR0K7AC" failures="0" tests="8" name="Default test" time="32.283" errors="0" timestamp="2021-10-22T21:05:26 IST">
  <testcase classname="com.sgtesting.scenarios.CreateUserScenario" name="launchBrowser" time="1.731"/>
  <testcase classname="com.sgtesting.scenarios.CreateUserScenario" name="navigate" time="5.594"/>
  <testcase classname="com.sgtesting.scenarios.CreateUserScenario" name="login" time="4.212"/>
  <testcase classname="com.sgtesting.scenarios.CreateUserScenario" name="minimizeFlyOutWindow" time="2.057"/>
  <testcase classname="com.sgtesting.scenarios.CreateUserScenario" name="createUser" time="9.395"/>
  <testcase classname="com.sgtesting.scenarios.CreateUserScenario" name="deleteUser" time="6.241"/>
  <testcase classname="com.sgtesting.scenarios.CreateUserScenario" name="logout" time="2.27"/>
  <testcase classname="com.sgtesting.scenarios.CreateUserScenario" name="closeApplication" time="0.585"/>
</testsuite> <!-- Default test -->
