<?xml version="1.0" encoding="UTF-8"?>
<!-- Generated by org.testng.reporters.JUnitXMLReporter -->
<testsuite ignored="0" hostname="DESKTOP-IR0K7AC" failures="0" tests="8" name="testng tests" time="49.62" errors="0" timestamp="2021-10-22T21:16:58 IST">
  <testcase classname="com.sgtesting.scenarios.CreateUserScenario" name="launchBrowser" time="1.469"/>
  <testcase classname="com.sgtesting.scenarios.CreateUserScenario" name="navigate" time="6.131"/>
  <testcase classname="com.sgtesting.scenarios.CreateUserScenario" name="login" time="4.214"/>
  <testcase classname="com.sgtesting.scenarios.CreateUserScenario" name="minimizeFlyOutWindow" time="7.961"/>
  <testcase classname="com.sgtesting.scenarios.CreateUserScenario" name="createUser" time="12.479"/>
  <testcase classname="com.sgtesting.scenarios.CreateUserScenario" name="deleteUser" time="6.26"/>
  <testcase classname="com.sgtesting.scenarios.CreateUserScenario" name="logout" time="2.527"/>
  <testcase classname="com.sgtesting.scenarios.CreateUserScenario" name="closeApplication" time="8.528"/>
</testsuite> <!-- testng tests -->
